[debug] [2022-06-15T20:56:21.333Z] ----------------------------------------------------------------------
[debug] [2022-06-15T20:56:21.334Z] Command:       C:\Program Files\nodejs\node.exe C:\Users\mdsho\AppData\Roaming\npm\node_modules\firebase-tools\lib\bin\firebase.js init
[debug] [2022-06-15T20:56:21.335Z] CLI Version:   11.1.0
[debug] [2022-06-15T20:56:21.335Z] Platform:      win32
[debug] [2022-06-15T20:56:21.335Z] Node Version:  v16.14.0
[debug] [2022-06-15T20:56:21.336Z] Time:          Thu Jun 16 2022 02:56:21 GMT+0600 (Bangladesh Standard Time)
[debug] [2022-06-15T20:56:21.336Z] ----------------------------------------------------------------------
[debug] 
[debug] [2022-06-15T20:56:21.339Z] >>> [apiv2][query] GET https://firebase-public.firebaseio.com/cli.json [none]
[debug] [2022-06-15T20:56:21.362Z] > command requires scopes: ["email","openid","https://www.googleapis.com/auth/cloudplatformprojects.readonly","https://www.googleapis.com/auth/firebase","https://www.googleapis.com/auth/cloud-platform"]
[debug] [2022-06-15T20:56:21.363Z] > authorizing via signed-in user (mdshohag119764@gmail.com)
[info] 
     ######## #### ########  ######## ########     ###     ######  ########
     ##        ##  ##     ## ##       ##     ##  ##   ##  ##       ##
     ######    ##  ########  ######   ########  #########  ######  ######
     ##        ##  ##    ##  ##       ##     ## ##     ##       ## ##
     ##       #### ##     ## ######## ########  ##     ##  ######  ########

You're about to initialize a Firebase project in this directory:

  C:\Users\mdsho\Programing Hero\aptcoder

[debug] [2022-06-15T20:56:22.367Z] <<< [apiv2][status] GET https://firebase-public.firebaseio.com/cli.json 200
[debug] [2022-06-15T20:56:22.367Z] <<< [apiv2][body] GET https://firebase-public.firebaseio.com/cli.json {"cloudBuildErrorAfter":1594252800000,"cloudBuildWarnAfter":1590019200000,"defaultNode10After":1594252800000,"minVersion":"3.0.5","node8DeploysDisabledAfter":1613390400000,"node8RuntimeDisabledAfter":1615809600000,"node8WarnAfter":1600128000000}
[info] 
=== Project Setup
[info] 
[info] First, let's associate this project directory with a Firebase project.
[info] You can create multiple project aliases by running firebase use --add, 
[info] but for now we'll just set up a default project.
[info] 
[debug] [2022-06-15T20:56:53.348Z] > refreshing access token with scopes: []
[debug] [2022-06-15T20:56:53.349Z] >>> [apiv2][query] POST https://www.googleapis.com/oauth2/v3/token [none]
[debug] [2022-06-15T20:56:53.349Z] >>> [apiv2][body] POST https://www.googleapis.com/oauth2/v3/token [omitted]
[debug] [2022-06-15T20:56:53.615Z] <<< [apiv2][status] POST https://www.googleapis.com/oauth2/v3/token 200
[debug] [2022-06-15T20:56:53.615Z] <<< [apiv2][body] POST https://www.googleapis.com/oauth2/v3/token [omitted]
[debug] [2022-06-15T20:56:53.624Z] >>> [apiv2][query] GET https://firebase.googleapis.com/v1beta1/projects pageSize=100
[debug] [2022-06-15T20:56:54.622Z] <<< [apiv2][status] GET https://firebase.googleapis.com/v1beta1/projects 200
[debug] [2022-06-15T20:56:54.622Z] <<< [apiv2][body] GET https://firebase.googleapis.com/v1beta1/projects [omitted]
